Using pre-set license
Built from '2021.3/staging' branch; Version is '2021.3.29f1 (204d6dc9ae1c) revision 2116973'; Using compiler version '192829333'; Build Type 'Release'
OS: 'Windows 10  (10.0.19045) 64bit Professional' Language: 'ko' Physical Memory: 16294 MB
BatchMode: 1, IsHumanControllingUs: 0, StartBugReporterOnCrash: 0, Is64bit: 1, IsPro: 1

COMMAND LINE ARGUMENTS:
C:\Program Files\Unity\Hub\Editor\2021.3.29f1\Editor\Unity.exe
-adb2
-batchMode
-noUpm
-name
AssetImportWorker1
-projectPath
C:/Users/admin/Documents/GitHub/Unity_Turotial/Unity Tutorial
-logFile
Logs/AssetImportWorker1.log
-srvPort
52313
Successfully changed project path to: C:/Users/admin/Documents/GitHub/Unity_Turotial/Unity Tutorial
C:/Users/admin/Documents/GitHub/Unity_Turotial/Unity Tutorial
[UnityMemory] Configuration Parameters - Can be set up in boot.config
    "memorysetup-bucket-allocator-granularity=16"
    "memorysetup-bucket-allocator-bucket-count=8"
    "memorysetup-bucket-allocator-block-size=33554432"
    "memorysetup-bucket-allocator-block-count=8"
    "memorysetup-main-allocator-block-size=16777216"
    "memorysetup-thread-allocator-block-size=16777216"
    "memorysetup-gfx-main-allocator-block-size=16777216"
    "memorysetup-gfx-thread-allocator-block-size=16777216"
    "memorysetup-cache-allocator-block-size=4194304"
    "memorysetup-typetree-allocator-block-size=2097152"
    "memorysetup-profiler-bucket-allocator-granularity=16"
    "memorysetup-profiler-bucket-allocator-bucket-count=8"
    "memorysetup-profiler-bucket-allocator-block-size=33554432"
    "memorysetup-profiler-bucket-allocator-block-count=8"
    "memorysetup-profiler-allocator-block-size=16777216"
    "memorysetup-profiler-editor-allocator-block-size=1048576"
    "memorysetup-temp-allocator-size-main=16777216"
    "memorysetup-job-temp-allocator-block-size=2097152"
    "memorysetup-job-temp-allocator-block-size-background=1048576"
    "memorysetup-job-temp-allocator-reduction-small-platforms=262144"
    "memorysetup-temp-allocator-size-background-worker=32768"
    "memorysetup-temp-allocator-size-job-worker=262144"
    "memorysetup-temp-allocator-size-preload-manager=33554432"
    "memorysetup-temp-allocator-size-nav-mesh-worker=65536"
    "memorysetup-temp-allocator-size-audio-worker=65536"
    "memorysetup-temp-allocator-size-cloud-worker=32768"
    "memorysetup-temp-allocator-size-gi-baking-worker=262144"
    "memorysetup-temp-allocator-size-gfx=262144"
Player connection [14684] Host "[IP] 192.168.1.120 [Port] 0 [Flags] 2 [Guid] 3467753346 [EditorId] 3467753346 [Version] 1048832 [Id] WindowsEditor(7,DESKTOP-4ER06HD) [Debug] 1 [PackageName] WindowsEditor [ProjectName] Editor" joined multi-casting on [225.0.0.222:54997]...

Player connection [14684] Host "[IP] 192.168.1.120 [Port] 0 [Flags] 2 [Guid] 3467753346 [EditorId] 3467753346 [Version] 1048832 [Id] WindowsEditor(7,DESKTOP-4ER06HD) [Debug] 1 [PackageName] WindowsEditor [ProjectName] Editor" joined alternative multi-casting on [225.0.0.222:34997]...

Refreshing native plugins compatible for Editor in 74.91 ms, found 3 plugins.
Preloading 0 native plugins for Editor in 0.00 ms.
Initialize engine version: 2021.3.29f1 (204d6dc9ae1c)
[Subsystems] Discovering subsystems at path C:/Program Files/Unity/Hub/Editor/2021.3.29f1/Editor/Data/Resources/UnitySubsystems
[Subsystems] Discovering subsystems at path C:/Users/admin/Documents/GitHub/Unity_Turotial/Unity Tutorial/Assets
GfxDevice: creating device client; threaded=0; jobified=0
Direct3D:
    Version:  Direct3D 11.0 [level 11.1]
    Renderer: NVIDIA GeForce RTX 2060 (ID=0x1f08)
    Vendor:   NVIDIA
    VRAM:     5968 MB
    Driver:   31.0.15.3179
Initialize mono
Mono path[0] = 'C:/Program Files/Unity/Hub/Editor/2021.3.29f1/Editor/Data/Managed'
Mono path[1] = 'C:/Program Files/Unity/Hub/Editor/2021.3.29f1/Editor/Data/MonoBleedingEdge/lib/mono/unityjit-win32'
Mono config path = 'C:/Program Files/Unity/Hub/Editor/2021.3.29f1/Editor/Data/MonoBleedingEdge/etc'
Using monoOptions --debugger-agent=transport=dt_socket,embedding=1,server=y,suspend=n,address=127.0.0.1:56688
Begin MonoManager ReloadAssembly
Registering precompiled unity dll's ...
Register platform support module: C:/Program Files/Unity/Hub/Editor/2021.3.29f1/Editor/Data/PlaybackEngines/WindowsStandaloneSupport/UnityEditor.WindowsStandalone.Extensions.dll
Registered in 0.007855 seconds.
Native extension for WindowsStandalone target not found
Refreshing native plugins compatible for Editor in 73.07 ms, found 3 plugins.
Preloading 0 native plugins for Editor in 0.00 ms.
Mono: successfully reloaded assembly
- Completed reload, in  0.656 seconds
Domain Reload Profiling:
	ReloadAssembly (657ms)
		BeginReloadAssembly (112ms)
			ExecutionOrderSort (0ms)
			DisableScriptedObjects (0ms)
			BackupInstance (0ms)
			ReleaseScriptingObjects (0ms)
			CreateAndSetChildDomain (1ms)
		EndReloadAssembly (442ms)
			LoadAssemblies (109ms)
			RebuildTransferFunctionScriptingTraits (0ms)
			SetupTypeCache (107ms)
			ReleaseScriptCaches (0ms)
			RebuildScriptCaches (27ms)
			SetupLoadedEditorAssemblies (256ms)
				LogAssemblyErrors (0ms)
				InitializePlatformSupportModulesInManaged (8ms)
				SetLoadedEditorAssemblies (0ms)
				RefreshPlugins (73ms)
				BeforeProcessingInitializeOnLoad (1ms)
				ProcessInitializeOnLoadAttributes (120ms)
				ProcessInitializeOnLoadMethodAttributes (53ms)
				AfterProcessingInitializeOnLoad (0ms)
				EditorAssembliesLoaded (0ms)
			ExecutionOrderSort2 (0ms)
			AwakeInstancesAfterBackupRestoration (0ms)
Platform modules already initialized, skipping
Registering precompiled user dll's ...
Registered in 0.006020 seconds.
Begin MonoManager ReloadAssembly
Symbol file LoadedFromMemory doesn't match image C:\Users\admin\Documents\GitHub\Unity_Turotial\Unity Tutorial\Library\PackageCache\com.unity.visualscripting@1.8.0\Editor\VisualScripting.Core\Dependencies\YamlDotNet\Unity.VisualScripting.YamlDotNet.dll
Symbol file LoadedFromMemory doesn't match image C:\Users\admin\Documents\GitHub\Unity_Turotial\Unity Tutorial\Library\PackageCache\com.unity.visualscripting@1.8.0\Editor\VisualScripting.Core\Dependencies\DotNetZip\Unity.VisualScripting.IonicZip.dll
Native extension for WindowsStandalone target not found
Refreshing native plugins compatible for Editor in 0.47 ms, found 3 plugins.
Preloading 0 native plugins for Editor in 0.00 ms.
Mono: successfully reloaded assembly
- Completed reload, in  1.146 seconds
Domain Reload Profiling:
	ReloadAssembly (1147ms)
		BeginReloadAssembly (147ms)
			ExecutionOrderSort (0ms)
			DisableScriptedObjects (6ms)
			BackupInstance (0ms)
			ReleaseScriptingObjects (0ms)
			CreateAndSetChildDomain (22ms)
		EndReloadAssembly (855ms)
			LoadAssemblies (133ms)
			RebuildTransferFunctionScriptingTraits (0ms)
			SetupTypeCache (305ms)
			ReleaseScriptCaches (1ms)
			RebuildScriptCaches (55ms)
			SetupLoadedEditorAssemblies (346ms)
				LogAssemblyErrors (0ms)
				InitializePlatformSupportModulesInManaged (6ms)
				SetLoadedEditorAssemblies (0ms)
				RefreshPlugins (1ms)
				BeforeProcessingInitializeOnLoad (80ms)
				ProcessInitializeOnLoadAttributes (228ms)
				ProcessInitializeOnLoadMethodAttributes (20ms)
				AfterProcessingInitializeOnLoad (10ms)
				EditorAssembliesLoaded (0ms)
			ExecutionOrderSort2 (0ms)
			AwakeInstancesAfterBackupRestoration (12ms)
Platform modules already initialized, skipping
========================================================================
Worker process is ready to serve import requests
Launched and connected shader compiler UnityShaderCompiler.exe after 0.07 seconds
Refreshing native plugins compatible for Editor in 1.95 ms, found 3 plugins.
Preloading 0 native plugins for Editor in 0.00 ms.
Unloading 3054 Unused Serialized files (Serialized files now loaded: 0)
Unloading 22 unused Assets / (46.4 KB). Loaded Objects now: 3516.
Memory consumption went from 112.0 MB to 111.9 MB.
Total: 5.065100 ms (FindLiveObjects: 0.880300 ms CreateObjectMapping: 0.509900 ms MarkObjects: 3.575300 ms  DeleteObjects: 0.098500 ms)

AssetImportParameters requested are different than current active one (requested -> active):
  custom:video-decoder-ogg-theora: a1e56fd34408186e4bbccfd4996cb3dc -> 
  custom:container-muxer-webm: aa71ff27fc2769a1b78a27578f13a17b -> 
  custom:container-demuxer-webm: 4f35f7cbe854078d1ac9338744f61a02 -> 
  custom:video-encoder-webm-vp8: eb34c28f22e8b96e1ab97ce403110664 -> 
  custom:CustomObjectIndexerAttribute: bc11b3a6c3213fcdd17b65e7da85e133 -> 
  custom:audio-encoder-webm-vorbis: bf7c407c2cedff20999df2af8eb42d56 -> 
  custom:framework-win-MediaFoundation: 216162199b28c13a410421893ffa2e32 -> 
  custom:container-demuxer-ogg: 62fdf1f143b41e24485cea50d1cbac27 -> 
  custom:video-decoder-webm-vp8: 9c59270c3fd7afecdb556c50c9e8de78 -> 
  custom:audio-decoder-ogg-vorbis: bf7c407c2cedff20999df2af8eb42d56 -> 
========================================================================
Received Import Request.
  Time since last request: 2425.334964 seconds.
  path: Assets/TGU Skybox Pack/Urbanlight/Urbanlight_left.png
  artifactKey: Guid(1fda112cfd7f8bf4f9213e4b5156e643) Importer(815301076,1909f56bfc062723c751e8b465ee728b)
Start importing Assets/TGU Skybox Pack/Urbanlight/Urbanlight_left.png using Guid(1fda112cfd7f8bf4f9213e4b5156e643) Importer(815301076,1909f56bfc062723c751e8b465ee728b)  -> (artifact id: 'a73c6b9fa0dcc6b7b2b394bd81a0261f') in 0.181983 seconds 
========================================================================
Received Import Request.
  Time since last request: 0.000028 seconds.
  path: Assets/TGU Skybox Pack/Urbanlight/Urbanlight_down.png
  artifactKey: Guid(3474da24e64a1b64faa40409d922642a) Importer(815301076,1909f56bfc062723c751e8b465ee728b)
Start importing Assets/TGU Skybox Pack/Urbanlight/Urbanlight_down.png using Guid(3474da24e64a1b64faa40409d922642a) Importer(815301076,1909f56bfc062723c751e8b465ee728b)  -> (artifact id: 'ec5578b00ae17e355f699f479524bd9f') in 0.047325 seconds 
========================================================================
Received Import Request.
  Time since last request: 0.000018 seconds.
  path: Assets/TGU Skybox Pack/Urbanlight/Urbanlight_up.png
  artifactKey: Guid(37fe8bc8c23935947938c26f7de190a1) Importer(815301076,1909f56bfc062723c751e8b465ee728b)
Start importing Assets/TGU Skybox Pack/Urbanlight/Urbanlight_up.png using Guid(37fe8bc8c23935947938c26f7de190a1) Importer(815301076,1909f56bfc062723c751e8b465ee728b)  -> (artifact id: 'a65099329e4177e5617952a4f8a0d798') in 0.034304 seconds 
========================================================================
Received Import Request.
  Time since last request: 4.978709 seconds.
  path: Assets/TGU Skybox Pack/Doomsday/Doomsday1_down.png
  artifactKey: Guid(8d20a7a1744e6c646a756003ee356243) Importer(815301076,1909f56bfc062723c751e8b465ee728b)
Start importing Assets/TGU Skybox Pack/Doomsday/Doomsday1_down.png using Guid(8d20a7a1744e6c646a756003ee356243) Importer(815301076,1909f56bfc062723c751e8b465ee728b)  -> (artifact id: 'e208abfd1dee368ae7316ef1e642a9a9') in 0.032961 seconds 
========================================================================
Received Import Request.
  Time since last request: 0.000024 seconds.
  path: Assets/TGU Skybox Pack/Doomsday/Doomsday1_left.png
  artifactKey: Guid(a882b27ca13e5694f81728528c66e944) Importer(815301076,1909f56bfc062723c751e8b465ee728b)
Start importing Assets/TGU Skybox Pack/Doomsday/Doomsday1_left.png using Guid(a882b27ca13e5694f81728528c66e944) Importer(815301076,1909f56bfc062723c751e8b465ee728b)  -> (artifact id: 'd8a911cb65401aef2b438ee35345e1f9') in 0.041872 seconds 
========================================================================
Received Import Request.
  Time since last request: 26.251549 seconds.
  path: Assets/TGU Skybox Pack/Newdawn/Newdawn1_down.png
  artifactKey: Guid(226139cd2c309b64db9d55a0395d7f79) Importer(815301076,1909f56bfc062723c751e8b465ee728b)
Start importing Assets/TGU Skybox Pack/Newdawn/Newdawn1_down.png using Guid(226139cd2c309b64db9d55a0395d7f79) Importer(815301076,1909f56bfc062723c751e8b465ee728b)  -> (artifact id: '0859843cdf076e117ede9231df22d49c') in 0.029317 seconds 
========================================================================
Received Import Request.
  Time since last request: 0.000026 seconds.
  path: Assets/TGU Skybox Pack/Newdawn/Newdawn1_right.png
  artifactKey: Guid(979665c5e497b7b4e852fc77e5b27a96) Importer(815301076,1909f56bfc062723c751e8b465ee728b)
Start importing Assets/TGU Skybox Pack/Newdawn/Newdawn1_right.png using Guid(979665c5e497b7b4e852fc77e5b27a96) Importer(815301076,1909f56bfc062723c751e8b465ee728b)  -> (artifact id: 'b12d8a9a6dddb882dd7afc177967ace6') in 0.032075 seconds 
========================================================================
Received Import Request.
  Time since last request: 3.045813 seconds.
  path: Assets/TGU Skybox Pack/Nostalgia/Nostalgia1_down.png
  artifactKey: Guid(e27206a11d03d6d41aed0aacc4ffdd9c) Importer(815301076,1909f56bfc062723c751e8b465ee728b)
Start importing Assets/TGU Skybox Pack/Nostalgia/Nostalgia1_down.png using Guid(e27206a11d03d6d41aed0aacc4ffdd9c) Importer(815301076,1909f56bfc062723c751e8b465ee728b)  -> (artifact id: '05a0d71c11d9b515aad4aac3c7d6ff88') in 0.030162 seconds 
========================================================================
Received Import Request.
  Time since last request: 0.000042 seconds.
  path: Assets/TGU Skybox Pack/Nostalgia/Nostalgia1_up_sunless.png
  artifactKey: Guid(8b29f8a0a3334c242983fa96a5fcbd9c) Importer(815301076,1909f56bfc062723c751e8b465ee728b)
Start importing Assets/TGU Skybox Pack/Nostalgia/Nostalgia1_up_sunless.png using Guid(8b29f8a0a3334c242983fa96a5fcbd9c) Importer(815301076,1909f56bfc062723c751e8b465ee728b)  -> (artifact id: '2dd49ebb153db6587ed0aff9d0b4b50d') in 0.028686 seconds 
========================================================================
Received Import Request.
  Time since last request: 0.000038 seconds.
  path: Assets/TGU Skybox Pack/Nostalgia/Nostalgia1_up_sun.png
  artifactKey: Guid(c72cbc4ff80d07348bee9afa4a6a072d) Importer(815301076,1909f56bfc062723c751e8b465ee728b)
Start importing Assets/TGU Skybox Pack/Nostalgia/Nostalgia1_up_sun.png using Guid(c72cbc4ff80d07348bee9afa4a6a072d) Importer(815301076,1909f56bfc062723c751e8b465ee728b)  -> (artifact id: '1fc4d54635b74444b2158d0c97a6ef0d') in 0.029161 seconds 
========================================================================
Received Prepare
Registering precompiled user dll's ...
Registered in 0.005776 seconds.
Begin MonoManager ReloadAssembly
Symbol file LoadedFromMemory doesn't match image C:\Users\admin\Documents\GitHub\Unity_Turotial\Unity Tutorial\Library\PackageCache\com.unity.visualscripting@1.8.0\Editor\VisualScripting.Core\Dependencies\YamlDotNet\Unity.VisualScripting.YamlDotNet.dll
Symbol file LoadedFromMemory doesn't match image C:\Users\admin\Documents\GitHub\Unity_Turotial\Unity Tutorial\Library\PackageCache\com.unity.visualscripting@1.8.0\Editor\VisualScripting.Core\Dependencies\DotNetZip\Unity.VisualScripting.IonicZip.dll
Native extension for WindowsStandalone target not found
Refreshing native plugins compatible for Editor in 0.59 ms, found 3 plugins.
Preloading 0 native plugins for Editor in 0.00 ms.
Mono: successfully reloaded assembly
- Completed reload, in  1.035 seconds
Domain Reload Profiling:
	ReloadAssembly (1035ms)
		BeginReloadAssembly (164ms)
			ExecutionOrderSort (0ms)
			DisableScriptedObjects (7ms)
			BackupInstance (0ms)
			ReleaseScriptingObjects (0ms)
			CreateAndSetChildDomain (34ms)
		EndReloadAssembly (772ms)
			LoadAssemblies (114ms)
			RebuildTransferFunctionScriptingTraits (0ms)
			SetupTypeCache (272ms)
			ReleaseScriptCaches (1ms)
			RebuildScriptCaches (44ms)
			SetupLoadedEditorAssemblies (314ms)
				LogAssemblyErrors (0ms)
				InitializePlatformSupportModulesInManaged (7ms)
				SetLoadedEditorAssemblies (1ms)
				RefreshPlugins (1ms)
				BeforeProcessingInitializeOnLoad (69ms)
				ProcessInitializeOnLoadAttributes (203ms)
				ProcessInitializeOnLoadMethodAttributes (22ms)
				AfterProcessingInitializeOnLoad (11ms)
				EditorAssembliesLoaded (0ms)
			ExecutionOrderSort2 (0ms)
			AwakeInstancesAfterBackupRestoration (15ms)
Platform modules already initialized, skipping
Refreshing native plugins compatible for Editor in 2.18 ms, found 3 plugins.
Preloading 0 native plugins for Editor in 0.00 ms.
Unloading 3047 Unused Serialized files (Serialized files now loaded: 0)
Unloading 15 unused Assets / (21.9 KB). Loaded Objects now: 3522.
Memory consumption went from 111.7 MB to 111.7 MB.
Total: 3.219500 ms (FindLiveObjects: 0.310800 ms CreateObjectMapping: 0.204100 ms MarkObjects: 2.677600 ms  DeleteObjects: 0.026000 ms)

AssetImportParameters requested are different than current active one (requested -> active):
  custom:video-decoder-ogg-theora: a1e56fd34408186e4bbccfd4996cb3dc -> 
  custom:container-muxer-webm: aa71ff27fc2769a1b78a27578f13a17b -> 
  custom:container-demuxer-webm: 4f35f7cbe854078d1ac9338744f61a02 -> 
  custom:video-encoder-webm-vp8: eb34c28f22e8b96e1ab97ce403110664 -> 
  custom:CustomObjectIndexerAttribute: bc11b3a6c3213fcdd17b65e7da85e133 -> 
  custom:audio-encoder-webm-vorbis: bf7c407c2cedff20999df2af8eb42d56 -> 
  custom:framework-win-MediaFoundation: 216162199b28c13a410421893ffa2e32 -> 
  custom:container-demuxer-ogg: 62fdf1f143b41e24485cea50d1cbac27 -> 
  custom:video-decoder-webm-vp8: 9c59270c3fd7afecdb556c50c9e8de78 -> 
  custom:audio-decoder-ogg-vorbis: bf7c407c2cedff20999df2af8eb42d56 -> 
